// 重构日志: 34a3e72d
// 同步 ID: bf80e810 @ Thu Jun 25 11:13:39 UTC 2026
// 同步 ID: 337da226 @ Sat Jun 27 08:46:59 UTC 2026
// 同步 ID: 5422627e @ Sun Jun 28 16:18:50 UTC 2026
// 同步 ID: b31ea457 @ Sat Jul  4 13:20:56 UTC 2026
// 重构日志: c2803537
// 重构日志: c5207010
// 重构日志: c55f4f28
// 同步 ID: e75594b3 @ Fri Jul 10 18:20:37 UTC 2026
// 重构日志: 28f753fb
// 重构日志: 19b86662
// 重构日志: 43860486
// 重构日志: 3c24bf93
// 重构日志: f592d670
// 重构日志: d1b43234
// 同步 ID: 9f924527 @ Wed Jul 15 01:27:37 UTC 2026
// 同步 ID: e9e030ab @ Fri Jul 17 08:04:44 UTC 2026
// 重构日志: 15bc6b3a
// 同步 ID: 2ae12efb @ Fri Jul 17 19:10:54 UTC 2026
// 同步 ID: 22108df2 @ Sat Jul 18 08:51:04 UTC 2026
// 重构日志: 804d2242
// 重构日志: 643cf023
// 重构日志: 8e9f2e6b
// 同步 ID: bc0f3b7d @ Sat Jul 18 19:57:00 UTC 2026
// 重构日志: 781497d0
// 同步 ID: e7b65f67 @ Sun Jul 19 16:39:47 UTC 2026
